<?xml version="1.0" encoding="UTF-8"?>
<coverage generated="1771198426445" clover="3.2.0">
  <project timestamp="1771198426445" name="All files">
    <metrics statements="17" coveredstatements="15" conditionals="10" coveredconditionals="8" methods="3" coveredmethods="2" elements="30" coveredelements="25" complexity="0" loc="17" ncloc="17" packages="1" files="1" classes="1"/>
    <file name="mobileManager.js" path="E:\development\games\tankwars\js\mobileManager.js">
      <metrics statements="17" coveredstatements="15" conditionals="10" coveredconditionals="8" methods="3" coveredmethods="2"/>
      <line num="7" count="2" type="cond" truecount="2" falsecount="0"/>
      <line num="10" count="1" type="stmt"/>
      <line num="11" count="1" type="stmt"/>
      <line num="12" count="1" type="stmt"/>
      <line num="13" count="1" type="stmt"/>
      <line num="14" count="1" type="stmt"/>
      <line num="16" count="1" type="stmt"/>
      <line num="19" count="1" type="stmt"/>
      <line num="26" count="2" type="stmt"/>
      <line num="27" count="2" type="cond" truecount="2" falsecount="0"/>
      <line num="28" count="1" type="stmt"/>
      <line num="29" count="1" type="cond" truecount="3" falsecount="1"/>
      <line num="30" count="1" type="stmt"/>
      <line num="31" count="0" type="stmt"/>
      <line num="35" count="1" type="cond" truecount="1" falsecount="1"/>
      <line num="36" count="1" type="stmt"/>
      <line num="40" count="0" type="stmt"/>
    </file>
  </project>
</coverage>
