{"E:\\development\\games\\tankwars\\js\\mobileManager.js": {"path":"E:\\development\\games\\tankwars\\js\\mobileManager.js","statementMap":{"0":{"start":{"line":7,"column":4},"end":{"line":7,"column":33}},"1":{"start":{"line":7,"column":26},"end":{"line":7,"column":33}},"2":{"start":{"line":10,"column":21},"end":{"line":10,"column":53}},"3":{"start":{"line":11,"column":4},"end":{"line":11,"column":37}},"4":{"start":{"line":12,"column":4},"end":{"line":12,"column":39}},"5":{"start":{"line":13,"column":4},"end":{"line":13,"column":41}},"6":{"start":{"line":14,"column":4},"end":{"line":14,"column":40}},"7":{"start":{"line":16,"column":4},"end":{"line":16,"column":40}},"8":{"start":{"line":19,"column":4},"end":{"line":19,"column":47}},"9":{"start":{"line":26,"column":4},"end":{"line":41,"column":5}},"10":{"start":{"line":27,"column":8},"end":{"line":38,"column":9}},"11":{"start":{"line":28,"column":12},"end":{"line":28,"column":63}},"12":{"start":{"line":29,"column":12},"end":{"line":33,"column":13}},"13":{"start":{"line":30,"column":16},"end":{"line":32,"column":19}},"14":{"start":{"line":31,"column":20},"end":{"line":31,"column":66}},"15":{"start":{"line":35,"column":12},"end":{"line":37,"column":13}},"16":{"start":{"line":36,"column":16},"end":{"line":36,"column":48}},"17":{"start":{"line":40,"column":8},"end":{"line":40,"column":80}}},"fnMap":{"0":{"name":"initMobileMode","decl":{"start":{"line":6,"column":16},"end":{"line":6,"column":30}},"loc":{"start":{"line":6,"column":33},"end":{"line":20,"column":1}},"line":6},"1":{"name":"toggleFullScreen","decl":{"start":{"line":25,"column":22},"end":{"line":25,"column":38}},"loc":{"start":{"line":25,"column":41},"end":{"line":42,"column":1}},"line":25},"2":{"name":"(anonymous_2)","decl":{"start":{"line":30,"column":73},"end":{"line":30,"column":76}},"loc":{"start":{"line":30,"column":80},"end":{"line":32,"column":17}},"line":30}},"branchMap":{"0":{"loc":{"start":{"line":7,"column":4},"end":{"line":7,"column":33}},"type":"if","locations":[{"start":{"line":7,"column":4},"end":{"line":7,"column":33}},{"start":{},"end":{}}],"line":7},"1":{"loc":{"start":{"line":27,"column":8},"end":{"line":38,"column":9}},"type":"if","locations":[{"start":{"line":27,"column":8},"end":{"line":38,"column":9}},{"start":{"line":34,"column":15},"end":{"line":38,"column":9}}],"line":27},"2":{"loc":{"start":{"line":29,"column":12},"end":{"line":33,"column":13}},"type":"if","locations":[{"start":{"line":29,"column":12},"end":{"line":33,"column":13}},{"start":{},"end":{}}],"line":29},"3":{"loc":{"start":{"line":29,"column":16},"end":{"line":29,"column":61}},"type":"binary-expr","locations":[{"start":{"line":29,"column":16},"end":{"line":29,"column":34}},{"start":{"line":29,"column":38},"end":{"line":29,"column":61}}],"line":29},"4":{"loc":{"start":{"line":35,"column":12},"end":{"line":37,"column":13}},"type":"if","locations":[{"start":{"line":35,"column":12},"end":{"line":37,"column":13}},{"start":{},"end":{}}],"line":35}},"s":{"0":2,"1":1,"2":1,"3":1,"4":1,"5":1,"6":1,"7":1,"8":1,"9":2,"10":2,"11":1,"12":1,"13":1,"14":0,"15":1,"16":1,"17":0},"f":{"0":2,"1":2,"2":0},"b":{"0":[1,1],"1":[1,1],"2":[1,0],"3":[1,1],"4":[1,0]},"meta":{"lastBranch":5,"lastFunction":3,"lastStatement":18,"seen":{"f:6:16:6:30":0,"b:7:4:7:33:undefined:undefined:undefined:undefined":0,"s:7:4:7:33":0,"s:7:26:7:33":1,"s:10:21:10:53":2,"s:11:4:11:37":3,"s:12:4:12:39":4,"s:13:4:13:41":5,"s:14:4:14:40":6,"s:16:4:16:40":7,"s:19:4:19:47":8,"f:25:22:25:38":1,"s:26:4:41:5":9,"b:27:8:38:9:34:15:38:9":1,"s:27:8:38:9":10,"s:28:12:28:63":11,"b:29:12:33:13:undefined:undefined:undefined:undefined":2,"s:29:12:33:13":12,"b:29:16:29:34:29:38:29:61":3,"s:30:16:32:19":13,"f:30:73:30:76":2,"s:31:20:31:66":14,"b:35:12:37:13:undefined:undefined:undefined:undefined":4,"s:35:12:37:13":15,"s:36:16:36:48":16,"s:40:8:40:80":17}}}
}
